9840: 01:29:18.612 - ---
9840: 01:29:18.612 - Service: "Photon Socket Server" starting
9840: 01:29:18.613 - Config File: D:\Baldo\Documents\GitHub\CMPE4371_Senior_GameNet\Photon-OnPremise-Server-SDK_v4-0-29-11263\deploy\bin_Win32\PhotonServer.config
9840: 01:29:18.614 - Will produce at most: 10 crash dumps
9840: 01:29:18.614 - Action: run as exe
9840: 01:29:18.615 - Server Starting...
9840: 01:29:18.615 -    Tick count: 2128382671 (wraps in: 25.0762 days)
9840: 01:29:18.615 - Tick count 64: 2128382671
9840: 01:29:18.616 - Photon Version: 4.1.28.2936
9840: 01:29:18.616 - PID: 7244
9840: 01:29:18.616 - Config File: D:\Baldo\Documents\GitHub\CMPE4371_Senior_GameNet\Photon-OnPremise-Server-SDK_v4-0-29-11263\deploy\bin_Win32\PhotonServer.config
9840: 01:29:18.617 - Will NOT log unimportant exceptions
9840: 01:29:18.622 - Not using performance counters as they are not currently installed. Run the service with /InstallCounters to install them.
9840: 01:29:18.622 - Shutdown timeout enabled: 30000ms
9840: 01:29:18.623 - Starting I/O thread pool with 2 threads
9840: 01:29:18.623 - Using Standard allocator
9840: 01:29:18.623 - Max message size: 512000
9840: 01:29:18.624 - Starting business logic thread pool with the following settings
9840: 01:29:18.624 - InitialThreads: 4 threads
9840: 01:29:18.624 - MinThreads: 4 threads
9840: 01:29:18.624 - Thread pool is fixed size
9840: 01:29:18.624 - Starting ENet thread pool with the following settings
9840: 01:29:18.624 - InitialThreads: 2 threads
9840: 01:29:18.624 - MinThreads: 2 threads
9840: 01:29:18.624 - Thread pool is fixed size
9840: 01:29:18.624 - OnlyDispatchTimers: False
9840: 01:29:18.625 - S2S: flow control: Max pending writes: 50
9840: 01:29:18.625 - S2S: flow control: Max queued buffers: 200
9840: 01:29:18.625 - S2S: flow control: Max pending writes MUX: 500
9840: 01:29:18.625 - S2S: flow control: Max queued buffers MUX: 2000
9840: 01:29:18.625 - S2S: MaxInboundMessageSize: 512000
9840: 01:29:18.625 - S2S: MaxOutboundMessageSize: 512000
9840: 01:29:18.625 - S2S: No inactivity timeout
9840: 01:29:18.628 - WebSocket S2S: MaxInboundMessageSize: 512000
9840: 01:29:18.628 - WebSocket S2S: MaxOutboundMessageSize: 512000
9840: 01:29:18.628 - WebSocket S2S: No inactivity timeout
9840: 01:29:18.628 - Max Reliable Data In Transit (awaiting ACKs) per peer : 51200 bytes
9840: 01:29:18.628 - Per peer bandwidth limit
9840: 01:29:18.628 - Transmit Rate Limit: 256 KB/Sec
9840: 01:29:18.628 - Limit period: 200ms
9840: 01:29:18.628 - Limit per period: 52428 bytes
9840: 01:29:18.628 - Max queued data for transmission per peer: 512000 bytes
9840: 01:29:18.628 - Minimum retransmit timeout: 200
9840: 01:29:18.628 - No Maximum retransmit timeout
9840: 01:29:18.628 - Minimum ENet timeout: 5000ms
9840: 01:29:18.628 - Maximum ENet timeout: 30000ms
9840: 01:29:18.628 - Max Inbound Reliable Data Queued (awaiting resends of earlier sequence numbers) per peer : 163840 bytes
9840: 01:29:18.628 - No RTT ACK adjustment timeout
9840: 01:29:18.628 - Outbound ENet: MaxInboundMessageSize: 512000
9840: 01:29:18.628 - Outbound ENet: MaxOutboundMessageSize: 512000
9840: 01:29:18.654 - GetRuntime - About to load CLR - versions available:
9840: 01:29:18.654 - v2.0.50727
9840: 01:29:18.654 - v4.0.30319
9840: 01:29:18.654 - Configuration requests: "v2.0.50727"
9840: 01:29:18.654 - About to load version: "v2.0.50727"
9840: 01:29:18.661 - About to load runtime: PhotonHostRuntime.PhotonDomainManager from PhotonHostRuntime, Culture=neutral, PublicKeyToken=02C301B61B060C4D
9840: 01:29:18.661 - CLRBaseDirectory set to "D:\Baldo\Documents\GitHub\CMPE4371_Senior_GameNet\Photon-OnPremise-Server-SDK_v4-0-29-11263\deploy"
9840: 01:29:18.661 - Optimising event broadcast for 20 or more peers
9840: 01:29:18.663 - Start: About to load CLR - versions available:
9840: 01:29:18.663 - v2.0.50727
9840: 01:29:18.663 - v4.0.30319
9840: 01:29:18.663 - No preference in configuration file, will load latest.
9840: 01:29:18.663 - About to load version: "v4.0.30319"
9840: 01:29:18.664 - Loaded version: "v4.0.30319"
9840: 01:29:18.818 - Photon host runtime loaded
9840: 01:29:20.421 - License is valid.
9840: 01:29:20.421 - Licensed for 100 concurrent connections.
9840: 01:29:20.421 - ENet: Max Reliable Data In Transit (awaiting ACKs) per peer : 51200 bytes
9840: 01:29:20.421 - ENet: Per peer bandwidth limit
9840: 01:29:20.421 - ENet: Transmit Rate Limit: 256 KB/Sec
9840: 01:29:20.421 - ENet: Limit period: 200ms
9840: 01:29:20.421 - ENet: Limit per period: 52428 bytes
9840: 01:29:20.421 - ENet: Max queued data for transmission per peer: 512000 bytes
9840: 01:29:20.421 - ENet: Minimum retransmit timeout: 200
9840: 01:29:20.421 - No Maximum retransmit timeout
9840: 01:29:20.421 - ENet: Minimum timeout: 5000ms
9840: 01:29:20.421 - ENet: Maximum timeout: 30000ms
9840: 01:29:20.421 - ENet: Max Inbound Reliable Data Queued (awaiting resends of earlier sequence numbers) per peer : 163840 bytes
9840: 01:29:20.421 - No RTT ACK adjustment timeout
9840: 01:29:20.421 - About to load application: MMoDemo from Photon.MmoDemo.Server
9840: 01:29:20.421 - Auto restart is enabled for application, existing connections will be terminated during restart
9840: 01:29:20.421 - Application will restart 1000ms after the last change detected
9840: 01:29:20.421 - Application will restart if files matching the following are changed: "dll;config"
9840: 01:29:20.421 - Application will NOT restart if files matching the following are changed: "log4net.config"
9840: 01:29:20.503 - CService::OnException() - Exception: CManagedHost::CreateApplicationInNewAppDomain() - Failed to create new application domain for : "MMoDemo" - Can't find Photon.MmoDemo.Server.dll in  or D:\Baldo\Documents\GitHub\CMPE4371_Senior_GameNet\Photon-OnPremise-Server-SDK_v4-0-29-11263\deploy\MmoDemo\bin
9840: 01:29:20.503 - Server shutting down...
9840: 01:29:20.503 - Shutdown monitoring enabled, 30000ms before process abort
9840: 01:29:20.503 - Notifying CLR applications of shutdown...
9840: 01:29:20.503 - RequestStop: defalt app domain
9840: 01:29:20.511 - Shutting down WebSocket Outbound Connection Manager...
9840: 01:29:20.527 - Shutting down TCP Outbound Connection Manager...
9840: 01:29:20.527 - Shutting down ENet Outbound Connection Manager...
9840: 01:29:20.527 - Disconnecting all outbound peers...
9840: 01:29:20.527 - Shutting down ENet host...
9840: 01:29:20.527 - Disconnecting all peers...
9840: 01:29:20.527 - Shutting down socket servers...
9840: 01:29:20.527 - Shutting down ENet thread pool...
9840: 01:29:20.527 - Shutting down TCP inactivity timers...
9840: 01:29:20.528 - Shutting down CLR applications...
9840: 01:29:20.528 - Shutting down business logic thread pool...
9840: 01:29:20.528 - Shutting down I/O thread pool...
9840: 01:29:20.528 - Destroying servers
9840: 01:29:20.528 - Destroying WebSocket Outbound Connection Manager
9840: 01:29:20.528 - Destroying TCP Outbound Connection Manager
9840: 01:29:20.528 - Destroying TCP inactivity timer
9840: 01:29:20.528 - Destroying ENet timer wheel
9840: 01:29:20.528 - Destroying ENet host
9840: 01:29:20.528 - Destroying ENet outbound host
9840: 01:29:20.528 - Destroying HTTP inactivity timer
9840: 01:29:20.528 - Destroying HTTP host
9840: 01:29:20.528 - Destroying HTTP Chunk host
9840: 01:29:20.528 - Flushing ENET buffer allocator...
9840: 01:29:20.528 - Flushing TCP buffer handle allocator...
9840: 01:29:20.528 - Flushing stream socket allocator...
9840: 01:29:20.528 - Flushing inbound datagram socket allocator...
9840: 01:29:20.528 - Flushing outbound datagram socket allocator...
9840: 01:29:20.528 - Destroying CLR dispatcher
9840: 01:29:20.528 - Destroying CLR applications
9840: 01:29:20.529 - ~CCLRApplicationCollection() - Waiting up to 10 seconds for the CLR to release all of our objects
9840: 01:29:20.529 - ~CCLRApplicationCollection() - Done. All objects released
9840: 01:29:20.529 - ~CManagedHost() - Release default app domain
9840: 01:29:20.529 - CManagedHost::OnDomainUnload() - 1
9840: 01:29:20.529 - ~CManagedHost() - Waiting up to 10 seconds for CLR shutdown...
9840: 01:29:20.529 - ~CManagedHost
9840: 01:29:20.529 - Destroying ENet thread pool
9840: 01:29:20.529 - Destroying Business logic thread pool
9840: 01:29:20.529 - Destroying I/O thread pool
9840: 01:29:20.529 - Destroying ENet buffer allocator
9840: 01:29:20.529 - Destroying TCP buffer allocator
9840: 01:29:20.529 - Destroying TCP socket allocator
9840: 01:29:20.529 - Destroying ENet inbound socket allocator
9840: 01:29:20.529 - Destroying ENet outbound socket allocator
9840: 01:29:20.529 - Destroying shared datagram flow control data
9840: 01:29:20.530 - Shutdown complete...
9840: 01:29:20.530 - Service shutting down
9840: 01:29:20.532 - Service shut down complete
7548: 01:31:23.870 - ---
7548: 01:31:23.870 - Service: "Photon Socket Server" starting
7548: 01:31:23.870 - Config File: D:\Baldo\Documents\GitHub\CMPE4371_Senior_GameNet\Photon-OnPremise-Server-SDK_v4-0-29-11263\deploy\bin_Win32\PhotonServer.config
7548: 01:31:23.871 - Will produce at most: 10 crash dumps
7548: 01:31:23.871 - Action: install service
7548: 01:31:23.878 - Service: "Photon Socket Server: MMoDemo" installed
7548: 01:31:23.878 - Config File Path: "D:\Baldo\Documents\GitHub\CMPE4371_Senior_GameNet\Photon-OnPremise-Server-SDK_v4-0-29-11263\deploy\bin_Win32"
7548: 01:31:23.878 - Config File Name: ""
7548: 01:31:23.878 - MessageBox: Photon Socket Server: MMoDemo - 4.1.28.2936

Service installed

Instance Name = "MMoDemo"
7548: 01:31:27.254 - Service shutting down
7548: 01:31:27.255 - Service shut down complete
5172: 01:31:35.323 - ---
5172: 01:31:35.323 - Service: "Photon Socket Server" starting
5172: 01:31:35.323 - Config File: D:\Baldo\Documents\GitHub\CMPE4371_Senior_GameNet\Photon-OnPremise-Server-SDK_v4-0-29-11263\deploy\bin_Win32\PhotonServer.config
5172: 01:31:35.325 - Will produce at most: 10 crash dumps
5172: 01:31:35.325 - Action: remove service
5172: 01:31:35.326 - Service: "Photon Socket Server: MMoDemo" removed
5172: 01:31:35.326 - MessageBox: Photon Socket Server: MMoDemo - 4.1.28.2936

Service removed

Instance Name = "MMoDemo"
5172: 01:31:36.441 - Service shutting down
5172: 01:31:36.442 - Service shut down complete
5912: 01:31:39.423 - ---
5912: 01:31:39.423 - Service: "Photon Socket Server" starting
5912: 01:31:39.423 - Config File: D:\Baldo\Documents\GitHub\CMPE4371_Senior_GameNet\Photon-OnPremise-Server-SDK_v4-0-29-11263\deploy\bin_Win32\PhotonServer.config
5912: 01:31:39.424 - Will produce at most: 10 crash dumps
5912: 01:31:39.424 - Action: run as exe
5912: 01:31:39.425 - Server Starting...
5912: 01:31:39.425 -    Tick count: 2128523484 (wraps in: 25.0746 days)
5912: 01:31:39.425 - Tick count 64: 2128523484
5912: 01:31:39.425 - Photon Version: 4.1.28.2936
5912: 01:31:39.425 - PID: 9728
5912: 01:31:39.425 - Config File: D:\Baldo\Documents\GitHub\CMPE4371_Senior_GameNet\Photon-OnPremise-Server-SDK_v4-0-29-11263\deploy\bin_Win32\PhotonServer.config
5912: 01:31:39.425 - Will NOT log unimportant exceptions
5912: 01:31:39.427 - Not using performance counters as they are not currently installed. Run the service with /InstallCounters to install them.
5912: 01:31:39.427 - Shutdown timeout enabled: 30000ms
5912: 01:31:39.427 - Starting I/O thread pool with 2 threads
5912: 01:31:39.428 - Using Standard allocator
5912: 01:31:39.428 - Max message size: 512000
5912: 01:31:39.428 - Starting business logic thread pool with the following settings
5912: 01:31:39.428 - InitialThreads: 4 threads
5912: 01:31:39.428 - MinThreads: 4 threads
5912: 01:31:39.428 - Thread pool is fixed size
5912: 01:31:39.428 - Starting ENet thread pool with the following settings
5912: 01:31:39.428 - InitialThreads: 2 threads
5912: 01:31:39.428 - MinThreads: 2 threads
5912: 01:31:39.428 - Thread pool is fixed size
5912: 01:31:39.428 - OnlyDispatchTimers: False
5912: 01:31:39.428 - S2S: flow control: Max pending writes: 50
5912: 01:31:39.428 - S2S: flow control: Max queued buffers: 200
5912: 01:31:39.428 - S2S: flow control: Max pending writes MUX: 500
5912: 01:31:39.428 - S2S: flow control: Max queued buffers MUX: 2000
5912: 01:31:39.428 - S2S: MaxInboundMessageSize: 512000
5912: 01:31:39.428 - S2S: MaxOutboundMessageSize: 512000
5912: 01:31:39.428 - S2S: No inactivity timeout
5912: 01:31:39.430 - WebSocket S2S: MaxInboundMessageSize: 512000
5912: 01:31:39.430 - WebSocket S2S: MaxOutboundMessageSize: 512000
5912: 01:31:39.430 - WebSocket S2S: No inactivity timeout
5912: 01:31:39.430 - Max Reliable Data In Transit (awaiting ACKs) per peer : 51200 bytes
5912: 01:31:39.430 - Per peer bandwidth limit
5912: 01:31:39.430 - Transmit Rate Limit: 256 KB/Sec
5912: 01:31:39.430 - Limit period: 200ms
5912: 01:31:39.430 - Limit per period: 52428 bytes
5912: 01:31:39.430 - Max queued data for transmission per peer: 512000 bytes
5912: 01:31:39.430 - Minimum retransmit timeout: 200
5912: 01:31:39.430 - No Maximum retransmit timeout
5912: 01:31:39.430 - Minimum ENet timeout: 5000ms
5912: 01:31:39.430 - Maximum ENet timeout: 30000ms
5912: 01:31:39.430 - Max Inbound Reliable Data Queued (awaiting resends of earlier sequence numbers) per peer : 163840 bytes
5912: 01:31:39.430 - No RTT ACK adjustment timeout
5912: 01:31:39.430 - Outbound ENet: MaxInboundMessageSize: 512000
5912: 01:31:39.430 - Outbound ENet: MaxOutboundMessageSize: 512000
5912: 01:31:39.432 - GetRuntime - About to load CLR - versions available:
5912: 01:31:39.432 - v2.0.50727
5912: 01:31:39.432 - v4.0.30319
5912: 01:31:39.432 - Configuration requests: "v2.0.50727"
5912: 01:31:39.432 - About to load version: "v2.0.50727"
5912: 01:31:39.435 - About to load runtime: PhotonHostRuntime.PhotonDomainManager from PhotonHostRuntime, Culture=neutral, PublicKeyToken=02C301B61B060C4D
5912: 01:31:39.435 - CLRBaseDirectory set to "D:\Baldo\Documents\GitHub\CMPE4371_Senior_GameNet\Photon-OnPremise-Server-SDK_v4-0-29-11263\deploy"
5912: 01:31:39.435 - Optimising event broadcast for 20 or more peers
5912: 01:31:39.436 - Start: About to load CLR - versions available:
5912: 01:31:39.436 - v2.0.50727
5912: 01:31:39.436 - v4.0.30319
5912: 01:31:39.436 - No preference in configuration file, will load latest.
5912: 01:31:39.436 - About to load version: "v4.0.30319"
5912: 01:31:39.437 - Loaded version: "v4.0.30319"
5912: 01:31:39.538 - Photon host runtime loaded
5912: 01:31:41.045 - License is valid.
5912: 01:31:41.045 - Licensed for 100 concurrent connections.
5912: 01:31:41.045 - ENet: Max Reliable Data In Transit (awaiting ACKs) per peer : 51200 bytes
5912: 01:31:41.045 - ENet: Per peer bandwidth limit
5912: 01:31:41.045 - ENet: Transmit Rate Limit: 256 KB/Sec
5912: 01:31:41.045 - ENet: Limit period: 200ms
5912: 01:31:41.045 - ENet: Limit per period: 52428 bytes
5912: 01:31:41.045 - ENet: Max queued data for transmission per peer: 512000 bytes
5912: 01:31:41.045 - ENet: Minimum retransmit timeout: 200
5912: 01:31:41.045 - No Maximum retransmit timeout
5912: 01:31:41.045 - ENet: Minimum timeout: 5000ms
5912: 01:31:41.045 - ENet: Maximum timeout: 30000ms
5912: 01:31:41.045 - ENet: Max Inbound Reliable Data Queued (awaiting resends of earlier sequence numbers) per peer : 163840 bytes
5912: 01:31:41.045 - No RTT ACK adjustment timeout
5912: 01:31:41.045 - About to load application: MMoDemo from Photon.MmoDemo.Server
5912: 01:31:41.045 - Auto restart is enabled for application, existing connections will be terminated during restart
5912: 01:31:41.045 - Application will restart 1000ms after the last change detected
5912: 01:31:41.045 - Application will restart if files matching the following are changed: "dll;config"
5912: 01:31:41.045 - Application will NOT restart if files matching the following are changed: "log4net.config"
5912: 01:31:41.059 - CService::OnException() - Exception: CManagedHost::CreateApplicationInNewAppDomain() - Failed to create new application domain for : "MMoDemo" - Can't find Photon.MmoDemo.Server.dll in  or D:\Baldo\Documents\GitHub\CMPE4371_Senior_GameNet\Photon-OnPremise-Server-SDK_v4-0-29-11263\deploy\MmoDemo\bin
5912: 01:31:41.059 - Server shutting down...
5912: 01:31:41.059 - Shutdown monitoring enabled, 30000ms before process abort
5912: 01:31:41.059 - Notifying CLR applications of shutdown...
5912: 01:31:41.059 - RequestStop: defalt app domain
5912: 01:31:41.063 - Shutting down WebSocket Outbound Connection Manager...
5912: 01:31:41.063 - Shutting down TCP Outbound Connection Manager...
5912: 01:31:41.063 - Shutting down ENet Outbound Connection Manager...
5912: 01:31:41.063 - Disconnecting all outbound peers...
5912: 01:31:41.063 - Shutting down ENet host...
5912: 01:31:41.063 - Disconnecting all peers...
5912: 01:31:41.063 - Shutting down socket servers...
5912: 01:31:41.063 - Shutting down ENet thread pool...
5912: 01:31:41.063 - Shutting down TCP inactivity timers...
5912: 01:31:41.064 - Shutting down CLR applications...
5912: 01:31:41.064 - Shutting down business logic thread pool...
5912: 01:31:41.064 - Shutting down I/O thread pool...
5912: 01:31:41.064 - Destroying servers
5912: 01:31:41.064 - Destroying WebSocket Outbound Connection Manager
5912: 01:31:41.064 - Destroying TCP Outbound Connection Manager
5912: 01:31:41.064 - Destroying TCP inactivity timer
5912: 01:31:41.064 - Destroying ENet timer wheel
5912: 01:31:41.064 - Destroying ENet host
5912: 01:31:41.064 - Destroying ENet outbound host
5912: 01:31:41.064 - Destroying HTTP inactivity timer
5912: 01:31:41.064 - Destroying HTTP host
5912: 01:31:41.064 - Destroying HTTP Chunk host
5912: 01:31:41.064 - Flushing ENET buffer allocator...
5912: 01:31:41.064 - Flushing TCP buffer handle allocator...
5912: 01:31:41.064 - Flushing stream socket allocator...
5912: 01:31:41.064 - Flushing inbound datagram socket allocator...
5912: 01:31:41.064 - Flushing outbound datagram socket allocator...
5912: 01:31:41.064 - Destroying CLR dispatcher
5912: 01:31:41.064 - Destroying CLR applications
5912: 01:31:41.064 - ~CCLRApplicationCollection() - Waiting up to 10 seconds for the CLR to release all of our objects
5912: 01:31:41.064 - ~CCLRApplicationCollection() - Done. All objects released
5912: 01:31:41.064 - ~CManagedHost() - Release default app domain
5912: 01:31:41.064 - CManagedHost::OnDomainUnload() - 1
5912: 01:31:41.064 - ~CManagedHost() - Waiting up to 10 seconds for CLR shutdown...
5912: 01:31:41.064 - ~CManagedHost
5912: 01:31:41.064 - Destroying ENet thread pool
5912: 01:31:41.064 - Destroying Business logic thread pool
5912: 01:31:41.064 - Destroying I/O thread pool
5912: 01:31:41.064 - Destroying ENet buffer allocator
5912: 01:31:41.064 - Destroying TCP buffer allocator
5912: 01:31:41.064 - Destroying TCP socket allocator
5912: 01:31:41.064 - Destroying ENet inbound socket allocator
5912: 01:31:41.064 - Destroying ENet outbound socket allocator
5912: 01:31:41.064 - Destroying shared datagram flow control data
5912: 01:31:41.064 - Shutdown complete...
5912: 01:31:41.064 - Service shutting down
5912: 01:31:41.065 - Service shut down complete
