14936: 11:28:45.085 - ---
14936: 11:28:45.086 - Service: "Photon Socket Server" starting
14936: 11:28:45.086 - Config File: D:\Baldo\Documents\GitHub\CMPE4371_Senior_GameNet\Photon-OnPremise-Server-SDK_v4-0-29-11263\deploy\bin_Win64\PhotonServer.config
14936: 11:28:45.088 - Will produce at most: 10 crash dumps
14936: 11:28:45.088 - Service shutting down
14936: 11:28:45.089 - Service shut down complete
8240: 11:29:00.638 - ---
8240: 11:29:00.638 - Service: "Photon Socket Server" starting
8240: 11:29:00.638 - Config File: D:\Baldo\Documents\GitHub\CMPE4371_Senior_GameNet\Photon-OnPremise-Server-SDK_v4-0-29-11263\deploy\bin_Win64\PhotonServer.config
8240: 11:29:00.640 - Will produce at most: 10 crash dumps
8240: 11:29:00.640 - Service shutting down
8240: 11:29:00.641 - Service shut down complete
11552: 11:30:26.311 - ---
11552: 11:30:26.311 - Service: "Photon Socket Server" starting
11552: 11:30:26.311 - Config File: D:\Baldo\Documents\GitHub\CMPE4371_Senior_GameNet\Photon-OnPremise-Server-SDK_v4-0-29-11263\deploy\bin_Win64\PhotonServer.config
11552: 11:30:26.312 - Will produce at most: 10 crash dumps
11552: 11:30:26.312 - Service shutting down
11552: 11:30:26.313 - Service shut down complete
11648: 11:30:37.100 - ---
11648: 11:30:37.100 - Service: "Photon Socket Server" starting
11648: 11:30:37.100 - Config File: D:\Baldo\Documents\GitHub\CMPE4371_Senior_GameNet\Photon-OnPremise-Server-SDK_v4-0-29-11263\deploy\bin_Win64\PhotonServer.config
11648: 11:30:37.101 - Will produce at most: 10 crash dumps
11648: 11:30:37.101 - Service shutting down
11648: 11:30:37.102 - Service shut down complete
3064: 11:36:22.741 - ---
3064: 11:36:22.741 - Service: "Photon Socket Server" starting
3064: 11:36:22.741 - Config File: D:\Baldo\Documents\GitHub\CMPE4371_Senior_GameNet\Photon-OnPremise-Server-SDK_v4-0-29-11263\deploy\bin_Win64\PhotonServer.config
3064: 11:36:22.743 - Will produce at most: 10 crash dumps
3064: 11:36:22.743 - Service shutting down
3064: 11:36:22.744 - Service shut down complete
14824: 11:41:40.090 - ---
14824: 11:41:40.090 - Service: "Photon Socket Server" starting
14824: 11:41:40.091 - Config File: D:\Baldo\Documents\GitHub\CMPE4371_Senior_GameNet\Photon-OnPremise-Server-SDK_v4-0-29-11263\deploy\bin_Win64\PhotonServer.config
14824: 11:41:40.092 - Will produce at most: 10 crash dumps
14824: 11:41:40.092 - Service shutting down
14824: 11:41:40.093 - Service shut down complete
14876: 11:44:58.334 - ---
14876: 11:44:58.334 - Service: "Photon Socket Server" starting
14876: 11:44:58.334 - Config File: D:\Baldo\Documents\GitHub\CMPE4371_Senior_GameNet\Photon-OnPremise-Server-SDK_v4-0-29-11263\deploy\bin_Win64\PhotonServer.config
14876: 11:44:58.336 - Will produce at most: 10 crash dumps
14876: 11:44:58.336 - Service shutting down
14876: 11:44:58.336 - Service shut down complete
9520: 12:07:00.620 - ---
9520: 12:07:00.620 - Service: "Photon Socket Server" starting
9520: 12:07:00.620 - Config File: D:\Baldo\Documents\GitHub\CMPE4371_Senior_GameNet\Photon-OnPremise-Server-SDK_v4-0-29-11263\deploy\bin_Win64\PhotonServer.config
9520: 12:07:00.622 - Will produce at most: 10 crash dumps
9520: 12:07:00.622 - Service shutting down
9520: 12:07:00.623 - Service shut down complete
6340: 12:22:58.857 - ---
6340: 12:22:58.857 - Service: "Photon Socket Server" starting
6340: 12:22:58.857 - Config File: D:\Baldo\Documents\GitHub\CMPE4371_Senior_GameNet\Photon-OnPremise-Server-SDK_v4-0-29-11263\deploy\bin_Win64\PhotonServer.config
6340: 12:22:58.859 - Will produce at most: 10 crash dumps
6340: 12:22:58.859 - Service shutting down
6340: 12:22:58.859 - Service shut down complete
